<?xml version="1.0" encoding="UTF-8"?>
<coverage generated="1757804258533" clover="3.2.0">
  <project timestamp="1757804258533" name="All files">
    <metrics statements="8" coveredstatements="5" conditionals="0" coveredconditionals="0" methods="3" coveredmethods="1" elements="11" coveredelements="6" complexity="0" loc="8" ncloc="8" packages="1" files="2" classes="2"/>
    <file name="api_client.js" path="E:\SDET-TECH TASK\Code\api-tests\utils\api_client.js">
      <metrics statements="4" coveredstatements="4" conditionals="0" coveredconditionals="0" methods="1" coveredmethods="1"/>
      <line num="2" count="1" type="stmt"/>
      <line num="5" count="1" type="stmt"/>
      <line num="7" count="1" type="stmt"/>
      <line num="8" count="2" type="stmt"/>
    </file>
    <file name="helpers" path="E:\SDET-TECH TASK\Code\api-tests\utils\helpers">
      <metrics statements="4" coveredstatements="1" conditionals="0" coveredconditionals="0" methods="2" coveredmethods="0"/>
      <line num="2" count="1" type="stmt"/>
      <line num="5" count="0" type="stmt"/>
      <line num="9" count="0" type="stmt"/>
      <line num="13" count="0" type="stmt"/>
    </file>
  </project>
</coverage>
