{"E:\\SDET-TECH TASK\\Code\\api-tests\\utils\\api_client.js": {"path":"E:\\SDET-TECH TASK\\Code\\api-tests\\utils\\api_client.js","statementMap":{"0":{"start":{"line":2,"column":16},"end":{"line":2,"column":36}},"1":{"start":{"line":5,"column":16},"end":{"line":5,"column":39}},"2":{"start":{"line":7,"column":0},"end":{"line":9,"column":2}},"3":{"start":{"line":8,"column":19},"end":{"line":8,"column":35}}},"fnMap":{"0":{"name":"(anonymous_0)","decl":{"start":{"line":8,"column":13},"end":{"line":8,"column":14}},"loc":{"start":{"line":8,"column":19},"end":{"line":8,"column":35}},"line":8}},"branchMap":{},"s":{"0":1,"1":1,"2":1,"3":2},"f":{"0":2},"b":{},"_coverageSchema":"1a1c01bbd47fc00a2c39e90264f33305004495a9","hash":"e550ec8fa9474d44b5e0cd8c522cd9c1b3ffd340"}
,"E:\\SDET-TECH TASK\\Code\\api-tests\\utils\\helpers": {"path":"E:\\SDET-TECH TASK\\Code\\api-tests\\utils\\helpers","statementMap":{"0":{"start":{"line":2,"column":0},"end":{"line":14,"column":2}},"1":{"start":{"line":5,"column":25},"end":{"line":7,"column":63}},"2":{"start":{"line":9,"column":8},"end":{"line":9,"column":35}},"3":{"start":{"line":13,"column":27},"end":{"line":13,"column":42}}},"fnMap":{"0":{"name":"(anonymous_0)","decl":{"start":{"line":4,"column":19},"end":{"line":4,"column":20}},"loc":{"start":{"line":4,"column":65},"end":{"line":10,"column":5}},"line":4},"1":{"name":"(anonymous_1)","decl":{"start":{"line":13,"column":21},"end":{"line":13,"column":22}},"loc":{"start":{"line":13,"column":27},"end":{"line":13,"column":42}},"line":13}},"branchMap":{},"s":{"0":1,"1":0,"2":0,"3":0},"f":{"0":0,"1":0},"b":{},"inputSourceMap":null,"_coverageSchema":"1a1c01bbd47fc00a2c39e90264f33305004495a9","hash":"15089e2634702b6a60613a6128be938ab729336c"}
}
